# JRE version: Java(TM) SE Runtime Environment (8.0_25-b18) (build 1.8.0_25-b18)
# Java VM: Java HotSpot(TM) 64-Bit Server VM (25.25-b02 mixed mode windows-amd64 compressed oops)
Heap:
 PSYoungGen      total 22016K, used 6434K [0x00000000eab00000, 0x00000000ec200000, 0x0000000100000000)
  eden space 20480K, 23% used [0x00000000eab00000,0x00000000eafccb60,0x00000000ebf00000)
  from space 1536K, 98% used [0x00000000ebf00000,0x00000000ec07c010,0x00000000ec080000)
  to   space 1536K, 0% used [0x00000000ec080000,0x00000000ec080000,0x00000000ec200000)
 ParOldGen       total 27648K, used 16234K [0x00000000c0000000, 0x00000000c1b00000, 0x00000000eab00000)
  object space 27648K, 58% used [0x00000000c0000000,0x00000000c0fda840,0x00000000c1b00000)
 Metaspace       used 5931K, capacity 7216K, committed 7296K, reserved 1056768K
  class space    used 553K, capacity 616K, committed 640K, reserved 1048576K
GC Heap History (8 events):
Event: 11.204 GC heap before
{Heap before GC invocations=1 (full 0):
 PSYoungGen      total 11776K, used 10240K [0x00000000eab00000, 0x00000000eb800000, 0x0000000100000000)
  eden space 10240K, 100% used [0x00000000eab00000,0x00000000eb500000,0x00000000eb500000)
  from space 1536K, 0% used [0x00000000eb680000,0x00000000eb680000,0x00000000eb800000)
  to   space 1536K, 0% used [0x00000000eb500000,0x00000000eb500000,0x00000000eb680000)
 ParOldGen       total 27648K, used 0K [0x00000000c0000000, 0x00000000c1b00000, 0x00000000eab00000)
  object space 27648K, 0% used [0x00000000c0000000,0x00000000c0000000,0x00000000c1b00000)
 Metaspace       used 5130K, capacity 6544K, committed 6784K, reserved 1056768K
  class space    used 524K, capacity 584K, committed 640K, reserved 1048576K
Event: 11.214 GC heap after
Heap after GC invocations=1 (full 0):
 PSYoungGen      total 11776K, used 1527K [0x00000000eab00000, 0x00000000eb800000, 0x0000000100000000)
  eden space 10240K, 0% used [0x00000000eab00000,0x00000000eab00000,0x00000000eb500000)
  from space 1536K, 99% used [0x00000000eb500000,0x00000000eb67dc78,0x00000000eb680000)
  to   space 1536K, 0% used [0x00000000eb680000,0x00000000eb680000,0x00000000eb800000)
 ParOldGen       total 27648K, used 1608K [0x00000000c0000000, 0x00000000c1b00000, 0x00000000eab00000)
  object space 27648K, 5% used [0x00000000c0000000,0x00000000c01923c8,0x00000000c1b00000)
 Metaspace       used 5130K, capacity 6544K, committed 6784K, reserved 1056768K
  class space    used 524K, capacity 584K, committed 640K, reserved 1048576K
}
Event: 13.060 GC heap before
{Heap before GC invocations=2 (full 0):
 PSYoungGen      total 11776K, used 11767K [0x00000000eab00000, 0x00000000eb800000, 0x0000000100000000)
  eden space 10240K, 100% used [0x00000000eab00000,0x00000000eb500000,0x00000000eb500000)
  from space 1536K, 99% used [0x00000000eb500000,0x00000000eb67dc78,0x00000000eb680000)
  to   space 1536K, 0% used [0x00000000eb680000,0x00000000eb680000,0x00000000eb800000)
 ParOldGen       total 27648K, used 1608K [0x00000000c0000000, 0x00000000c1b00000, 0x00000000eab00000)
  object space 27648K, 5% used [0x00000000c0000000,0x00000000c01923c8,0x00000000c1b00000)
 Metaspace       used 5573K, capacity 6960K, committed 7040K, reserved 1056768K
  class space    used 545K, capacity 616K, committed 640K, reserved 1048576K
Event: 13.286 GC heap after
Heap after GC invocations=2 (full 0):
 PSYoungGen      total 11776K, used 1520K [0x00000000eab00000, 0x00000000ec200000, 0x0000000100000000)
  eden space 10240K, 0% used [0x00000000eab00000,0x00000000eab00000,0x00000000eb500000)
  from space 1536K, 98% used [0x00000000eb680000,0x00000000eb7fc010,0x00000000eb800000)
  to   space 1536K, 0% used [0x00000000eb500000,0x00000000eb500000,0x00000000eb680000)
 ParOldGen       total 27648K, used 3191K [0x00000000c0000000, 0x00000000c1b00000, 0x00000000eab00000)
  object space 27648K, 11% used [0x00000000c0000000,0x00000000c031ddf0,0x00000000c1b00000)
 Metaspace       used 5573K, capacity 6960K, committed 7040K, reserved 1056768K
  class space    used 545K, capacity 616K, committed 640K, reserved 1048576K
}
Event: 14.118 GC heap before
{Heap before GC invocations=3 (full 0):
 PSYoungGen      total 11776K, used 11760K [0x00000000eab00000, 0x00000000ec200000, 0x0000000100000000)
  eden space 10240K, 100% used [0x00000000eab00000,0x00000000eb500000,0x00000000eb500000)
  from space 1536K, 98% used [0x00000000eb680000,0x00000000eb7fc010,0x00000000eb800000)
  to   space 1536K, 0% used [0x00000000eb500000,0x00000000eb500000,0x00000000eb680000)
 ParOldGen       total 27648K, used 3191K [0x00000000c0000000, 0x00000000c1b00000, 0x00000000eab00000)
  object space 27648K, 11% used [0x00000000c0000000,0x00000000c031ddf0,0x00000000c1b00000)
 Metaspace       used 5675K, capacity 7024K, committed 7296K, reserved 1056768K
  class space    used 546K, capacity 616K, committed 640K, reserved 1048576K
Event: 14.501 GC heap after
Heap after GC invocations=3 (full 0):
 PSYoungGen      total 11776K, used 1504K [0x00000000eab00000, 0x00000000ec200000, 0x0000000100000000)
  eden space 10240K, 0% used [0x00000000eab00000,0x00000000eab00000,0x00000000eb500000)
  from space 1536K, 97% used [0x00000000eb500000,0x00000000eb678010,0x00000000eb680000)
  to   space 1536K, 0% used [0x00000000ec080000,0x00000000ec080000,0x00000000ec200000)
 ParOldGen       total 27648K, used 4877K [0x00000000c0000000, 0x00000000c1b00000, 0x00000000eab00000)
  object space 27648K, 17% used [0x00000000c0000000,0x00000000c04c35c8,0x00000000c1b00000)
 Metaspace       used 5675K, capacity 7024K, committed 7296K, reserved 1056768K
  class space    used 546K, capacity 616K, committed 640K, reserved 1048576K
}
Event: 15.367 GC heap before
{Heap before GC invocations=4 (full 0):
 PSYoungGen      total 11776K, used 11744K [0x00000000eab00000, 0x00000000ec200000, 0x0000000100000000)
  eden space 10240K, 100% used [0x00000000eab00000,0x00000000eb500000,0x00000000eb500000)
  from space 1536K, 97% used [0x00000000eb500000,0x00000000eb678010,0x00000000eb680000)
  to   space 1536K, 0% used [0x00000000ec080000,0x00000000ec080000,0x00000000ec200000)
 ParOldGen       total 27648K, used 4877K [0x00000000c0000000, 0x00000000c1b00000, 0x00000000eab00000)
  object space 27648K, 17% used [0x00000000c0000000,0x00000000c04c35c8,0x00000000c1b00000)
 Metaspace       used 5727K, capacity 7088K, committed 7296K, reserved 1056768K
  class space    used 546K, capacity 616K, committed 640K, reserved 1048576K
Event: 15.389 GC heap after
Heap after GC invocations=4 (full 0):
 PSYoungGen      total 22016K, used 1536K [0x00000000eab00000, 0x00000000ec200000, 0x0000000100000000)
  eden space 20480K, 0% used [0x00000000eab00000,0x00000000eab00000,0x00000000ebf00000)
  from space 1536K, 100% used [0x00000000ec080000,0x00000000ec200000,0x00000000ec200000)
  to   space 1536K, 0% used [0x00000000ebf00000,0x00000000ebf00000,0x00000000ec080000)
 ParOldGen       total 27648K, used 6462K [0x00000000c0000000, 0x00000000c1b00000, 0x00000000eab00000)
  object space 27648K, 23% used [0x00000000c0000000,0x00000000c064f8b0,0x00000000c1b00000)
 Metaspace       used 5727K, capacity 7088K, committed 7296K, reserved 1056768K
  class space    used 546K, capacity 616K, committed 640K, reserved 1048576K
}

